[2012-04-18 10:29:06] request.ERROR: Symfony\Component\HttpKernel\Exception\NotFoundHttpException: No route found for "GET /js/jquery.js" (uncaught exception) at /home/vergil/Projects/Php/Exam/vendor/symfony/src/Symfony/Bundle/FrameworkBundle/EventListener/RouterListener.php line 83 [] []
[2012-04-18 10:29:07] request.ERROR: Symfony\Component\HttpKernel\Exception\NotFoundHttpException: No route found for "GET /js/bootstrap/bootstrap.js" (uncaught exception) at /home/vergil/Projects/Php/Exam/vendor/symfony/src/Symfony/Bundle/FrameworkBundle/EventListener/RouterListener.php line 83 [] []
[2012-04-18 10:29:07] request.ERROR: Symfony\Component\HttpKernel\Exception\NotFoundHttpException: No route found for "GET /css/bootstrap/bootstrap-responsive.css" (uncaught exception) at /home/vergil/Projects/Php/Exam/vendor/symfony/src/Symfony/Bundle/FrameworkBundle/EventListener/RouterListener.php line 83 [] []
[2012-04-18 10:29:07] request.ERROR: Symfony\Component\HttpKernel\Exception\NotFoundHttpException: No route found for "GET /css/bootstrap/bootstrap.css" (uncaught exception) at /home/vergil/Projects/Php/Exam/vendor/symfony/src/Symfony/Bundle/FrameworkBundle/EventListener/RouterListener.php line 83 [] []
[2012-04-18 10:29:24] request.ERROR: Symfony\Component\HttpKernel\Exception\NotFoundHttpException: No route found for "GET /css/bootstrap/bootstrap.css" (uncaught exception) at /home/vergil/Projects/Php/Exam/vendor/symfony/src/Symfony/Bundle/FrameworkBundle/EventListener/RouterListener.php line 83 [] []
[2012-04-18 10:32:32] request.ERROR: Symfony\Component\HttpKernel\Exception\NotFoundHttpException: No route found for "GET /css/bootstrap/bootstrap-responsive.css" (uncaught exception) at /home/vergil/Projects/Php/Exam/app/cache/prod/classes.php line 4564 [] []
[2012-04-18 10:32:33] request.ERROR: Symfony\Component\HttpKernel\Exception\NotFoundHttpException: No route found for "GET /css/bootstrap/bootstrap.css" (uncaught exception) at /home/vergil/Projects/Php/Exam/app/cache/prod/classes.php line 4564 [] []
[2012-04-18 10:32:33] request.ERROR: Symfony\Component\HttpKernel\Exception\NotFoundHttpException: No route found for "GET /js/bootstrap/bootstrap.js" (uncaught exception) at /home/vergil/Projects/Php/Exam/app/cache/prod/classes.php line 4564 [] []
[2012-04-18 10:32:33] request.ERROR: Symfony\Component\HttpKernel\Exception\NotFoundHttpException: No route found for "GET /js/jquery.js" (uncaught exception) at /home/vergil/Projects/Php/Exam/app/cache/prod/classes.php line 4564 [] []
[2012-04-18 10:34:06] request.ERROR: Symfony\Component\HttpKernel\Exception\NotFoundHttpException: No route found for "GET /css/bootstrap/bootstrap.css" (uncaught exception) at /home/vergil/Projects/Php/Exam/app/cache/prod/classes.php line 4564 [] []
[2012-04-18 11:26:01] request.ERROR: Symfony\Component\HttpKernel\Exception\NotFoundHttpException: No route found for "GET /bundles/virtualstaffexam/js/exam.js" (uncaught exception) at /home/vergil/Projects/Php/Exam/app/cache/prod/classes.php line 4564 [] []
[2012-04-20 03:28:07] request.ERROR: Symfony\Component\HttpKernel\Exception\NotFoundHttpException: No route found for "GET /home" (uncaught exception) at /home/vergil/Projects/Php/Exam/app/cache/prod/classes.php line 4564 [] []
[2012-04-20 03:28:13] request.ERROR: Symfony\Component\HttpKernel\Exception\NotFoundHttpException: No route found for "GET /home" (uncaught exception) at /home/vergil/Projects/Php/Exam/app/cache/prod/classes.php line 4564 [] []
[2012-04-20 21:54:30] event.DEBUG: Notified event "kernel.request" to listener "Symfony\Bundle\FrameworkBundle\EventListener\RouterListener::onEarlyKernelRequest". [] []
[2012-04-20 21:54:30] event.DEBUG: Notified event "kernel.request" to listener "Symfony\Bundle\FrameworkBundle\EventListener\SessionListener::onKernelRequest". [] []
[2012-04-20 21:54:30] event.DEBUG: Notified event "kernel.request" to listener "Symfony\Component\Security\Http\Firewall::onKernelRequest". [] []
[2012-04-20 21:54:30] event.DEBUG: Notified event "kernel.request" to listener "Symfony\Bundle\FrameworkBundle\EventListener\RouterListener::onKernelRequest". [] []
[2012-04-20 21:54:30] event.DEBUG: Notified event "kernel.exception" to listener "Symfony\Component\HttpKernel\EventListener\ExceptionListener::onKernelException". [] []
[2012-04-20 21:54:30] request.ERROR: Symfony\Component\HttpKernel\Exception\NotFoundHttpException: No route found for "GET /" (uncaught exception) at /home/vergil/Projects/Php/Exam/app/cache/prod/classes.php line 4564 [] []
[2012-04-20 21:54:30] event.DEBUG: Notified event "kernel.request" to listener "Symfony\Bundle\FrameworkBundle\EventListener\RouterListener::onEarlyKernelRequest". [] []
[2012-04-20 21:54:30] event.DEBUG: Notified event "kernel.request" to listener "Symfony\Bundle\FrameworkBundle\EventListener\SessionListener::onKernelRequest". [] []
[2012-04-20 21:54:30] event.DEBUG: Notified event "kernel.request" to listener "Symfony\Component\Security\Http\Firewall::onKernelRequest". [] []
[2012-04-20 21:54:30] event.DEBUG: Notified event "kernel.request" to listener "Symfony\Bundle\FrameworkBundle\EventListener\RouterListener::onKernelRequest". [] []
[2012-04-20 21:54:30] event.DEBUG: Notified event "kernel.controller" to listener "Sensio\Bundle\FrameworkExtraBundle\EventListener\ControllerListener::onKernelController". [] []
[2012-04-20 21:54:30] event.DEBUG: Notified event "kernel.controller" to listener "Sensio\Bundle\FrameworkExtraBundle\EventListener\ParamConverterListener::onKernelController". [] []
[2012-04-20 21:54:30] event.DEBUG: Notified event "kernel.controller" to listener "Sensio\Bundle\FrameworkExtraBundle\EventListener\TemplateListener::onKernelController". [] []
[2012-04-20 21:54:30] event.DEBUG: Notified event "kernel.controller" to listener "JMS\SecurityExtraBundle\Controller\ControllerListener::onCoreController". [] []
[2012-04-20 21:54:32] event.DEBUG: Notified event "kernel.response" to listener "Symfony\Component\HttpKernel\EventListener\ResponseListener::onKernelResponse". [] []
[2012-04-20 21:54:32] event.DEBUG: Notified event "kernel.response" to listener "Symfony\Bundle\SecurityBundle\EventListener\ResponseListener::onKernelResponse". [] []
[2012-04-20 21:54:32] event.DEBUG: Notified event "kernel.response" to listener "Sensio\Bundle\FrameworkExtraBundle\EventListener\CacheListener::onKernelResponse". [] []
[2012-04-20 21:54:32] event.DEBUG: Listener "Symfony\Component\HttpKernel\EventListener\ExceptionListener::onKernelException" stopped propagation of the event "kernel.exception". [] []
[2012-04-20 21:54:32] event.DEBUG: Notified event "kernel.response" to listener "Symfony\Component\HttpKernel\EventListener\ResponseListener::onKernelResponse". [] []
[2012-04-20 21:54:32] event.DEBUG: Notified event "kernel.response" to listener "Symfony\Bundle\SecurityBundle\EventListener\ResponseListener::onKernelResponse". [] []
[2012-04-20 21:54:32] event.DEBUG: Notified event "kernel.response" to listener "Sensio\Bundle\FrameworkExtraBundle\EventListener\CacheListener::onKernelResponse". [] []
[2012-04-20 22:12:05] request.ERROR: Symfony\Component\HttpKernel\Exception\NotFoundHttpException: No route found for "GET /" (uncaught exception) at /home/vergil/Projects/Php/Exam/app/cache/prod/classes.php line 4564 [] []
[2012-04-20 22:12:09] request.ERROR: Symfony\Component\HttpKernel\Exception\NotFoundHttpException: No route found for "GET /" (uncaught exception) at /home/vergil/Projects/Php/Exam/app/cache/prod/classes.php line 4564 [] []
[2012-04-20 22:13:46] request.ERROR: Symfony\Component\HttpKernel\Exception\NotFoundHttpException: No route found for "GET /" (uncaught exception) at /home/vergil/Projects/Php/Exam/app/cache/prod/classes.php line 4564 [] []
[2012-04-20 22:14:25] request.ERROR: Symfony\Component\HttpKernel\Exception\NotFoundHttpException: No route found for "GET /" (uncaught exception) at /home/vergil/Projects/Php/Exam/app/cache/prod/classes.php line 4564 [] []
[2012-04-20 22:15:20] request.ERROR: Symfony\Component\HttpKernel\Exception\NotFoundHttpException: No route found for "GET /" (uncaught exception) at /home/vergil/Projects/Php/Exam/app/cache/prod/classes.php line 4564 [] []
[2012-04-20 22:18:55] request.ERROR: Symfony\Component\HttpKernel\Exception\NotFoundHttpException: No route found for "GET /" (uncaught exception) at /home/vergil/Projects/Php/Exam/app/cache/prod/classes.php line 4564 [] []
[2012-04-20 22:18:59] request.ERROR: Symfony\Component\HttpKernel\Exception\NotFoundHttpException: No route found for "GET /" (uncaught exception) at /home/vergil/Projects/Php/Exam/app/cache/prod/classes.php line 4564 [] []
[2012-04-20 22:19:05] request.ERROR: Symfony\Component\HttpKernel\Exception\NotFoundHttpException: No route found for "GET /" (uncaught exception) at /home/vergil/Projects/Php/Exam/app/cache/prod/classes.php line 4564 [] []
[2012-04-20 22:19:07] request.ERROR: Symfony\Component\HttpKernel\Exception\NotFoundHttpException: No route found for "GET //" (uncaught exception) at /home/vergil/Projects/Php/Exam/app/cache/prod/classes.php line 4564 [] []
[2012-04-20 22:19:58] request.ERROR: Symfony\Component\HttpKernel\Exception\NotFoundHttpException: No route found for "GET /" (uncaught exception) at /home/vergil/Projects/Php/Exam/app/cache/prod/classes.php line 4564 [] []
[2012-04-20 22:20:02] request.ERROR: Symfony\Component\HttpKernel\Exception\NotFoundHttpException: No route found for "GET /" (uncaught exception) at /home/vergil/Projects/Php/Exam/app/cache/prod/classes.php line 4564 [] []
[2012-04-20 22:24:33] request.ERROR: Symfony\Component\HttpKernel\Exception\NotFoundHttpException: No route found for "GET /" (uncaught exception) at /home/vergil/Projects/Php/Exam/app/cache/prod/classes.php line 4564 [] []
[2012-04-20 22:24:38] request.ERROR: Symfony\Component\HttpKernel\Exception\NotFoundHttpException: No route found for "GET /" (uncaught exception) at /home/vergil/Projects/Php/Exam/app/cache/prod/classes.php line 4564 [] []
[2012-04-20 22:25:58] request.ERROR: Symfony\Component\HttpKernel\Exception\NotFoundHttpException: No route found for "GET /" (uncaught exception) at /home/vergil/Projects/Php/Exam/app/cache/prod/classes.php line 4564 [] []
[2012-04-20 22:26:44] request.ERROR: Symfony\Component\HttpKernel\Exception\NotFoundHttpException: No route found for "GET /" (uncaught exception) at /home/vergil/Projects/Php/Exam/app/cache/prod/classes.php line 4564 [] []
[2012-04-20 22:27:39] request.ERROR: Symfony\Component\HttpKernel\Exception\NotFoundHttpException: No route found for "GET /" (uncaught exception) at /home/vergil/Projects/Php/Exam/app/cache/prod/classes.php line 4564 [] []
[2012-04-20 22:27:48] request.ERROR: Symfony\Component\HttpKernel\Exception\NotFoundHttpException: No route found for "GET /" (uncaught exception) at /home/vergil/Projects/Php/Exam/app/cache/prod/classes.php line 4564 [] []
[2012-04-20 22:27:50] request.ERROR: Symfony\Component\HttpKernel\Exception\NotFoundHttpException: No route found for "GET /" (uncaught exception) at /home/vergil/Projects/Php/Exam/app/cache/prod/classes.php line 4564 [] []
[2012-04-20 22:28:13] request.ERROR: Symfony\Component\HttpKernel\Exception\NotFoundHttpException: No route found for "GET /" (uncaught exception) at /home/vergil/Projects/Php/Exam/app/cache/prod/classes.php line 4564 [] []
[2012-04-20 22:28:17] request.ERROR: Symfony\Component\HttpKernel\Exception\NotFoundHttpException: No route found for "GET /" (uncaught exception) at /home/vergil/Projects/Php/Exam/app/cache/prod/classes.php line 4564 [] []
[2012-04-20 22:28:21] request.ERROR: Symfony\Component\HttpKernel\Exception\NotFoundHttpException: No route found for "GET /" (uncaught exception) at /home/vergil/Projects/Php/Exam/app/cache/prod/classes.php line 4564 [] []
[2012-04-20 22:31:25] request.ERROR: Symfony\Component\HttpKernel\Exception\NotFoundHttpException: No route found for "GET /" (uncaught exception) at /home/vergil/Projects/Php/Exam/app/cache/prod/classes.php line 4564 [] []
